[game-center]2025/01/11 - 17:20:15.488	[34minfo[0m	D:/code/nlleafserver/src/server/global/global.go:68	init zap success
[game-center]2025/01/11 - 17:20:15.581	[34minfo[0m	D:/code/nlleafserver/src/server/global/global.go:71	init global success
[game-center]2025/01/11 - 17:23:53.068	[34minfo[0m	D:/code/nlleafserver/src/server/global/global.go:68	init zap success
[game-center]2025/01/11 - 17:23:53.134	[34minfo[0m	D:/code/nlleafserver/src/server/global/global.go:71	init global success
[game-center]2025/01/11 - 17:25:16.852	[34minfo[0m	D:/code/nlleafserver/src/server/global/global.go:68	init zap success
[game-center]2025/01/11 - 17:25:16.864	[34minfo[0m	D:/code/nlleafserver/src/server/global/global.go:71	init global success
[game-center]2025/01/11 - 18:05:34.576	[34minfo[0m	D:/code/nlleafserver/src/server/global/global.go:68	init zap success
[game-center]2025/01/11 - 18:05:34.587	[34minfo[0m	D:/code/nlleafserver/src/server/global/global.go:71	init global success
[game-center]2025/01/11 - 18:06:21.270	[34minfo[0m	D:/code/nlleafserver/src/server/global/global.go:68	init zap success
[game-center]2025/01/11 - 18:06:21.281	[34minfo[0m	D:/code/nlleafserver/src/server/global/global.go:71	init global success
[game-center]2025/01/11 - 18:35:03.790	[34minfo[0m	D:/code/nlleafserver/src/server/global/global.go:68	init zap success
[game-center]2025/01/11 - 18:35:03.801	[34minfo[0m	D:/code/nlleafserver/src/server/global/global.go:71	init global success
[game-center]2025/01/11 - 18:35:03.803	[34minfo[0m	D:/code/nlleafserver/src/server/game/internal/game_servers.go:80	è¿æ¥æˆåŠŸ	{"addr": "localhost:50001"}
[game-center]2025/01/11 - 18:36:25.659	[34minfo[0m	D:/code/nlleafserver/src/server/global/global.go:68	init zap success
[game-center]2025/01/11 - 18:36:25.670	[34minfo[0m	D:/code/nlleafserver/src/server/global/global.go:71	init global success
[game-center]2025/01/11 - 18:36:25.673	[34minfo[0m	D:/code/nlleafserver/src/server/game/internal/game_servers.go:80	è¿æ¥æˆåŠŸ	{"addr": "localhost:50001"}
[game-center]2025/01/11 - 18:37:41.196	[34minfo[0m	d:/code/nlleafserver/src/server/global/global.go:68	init zap success
[game-center]2025/01/11 - 18:37:41.213	[34minfo[0m	d:/code/nlleafserver/src/server/global/global.go:71	init global success
[game-center]2025/01/11 - 18:37:41.215	[34minfo[0m	d:/code/nlleafserver/src/server/game/internal/game_servers.go:80	è¿æ¥æˆåŠŸ	{"addr": "localhost:50001"}
[game-center]2025/01/11 - 18:39:59.496	[34minfo[0m	d:/code/nlleafserver/src/server/global/global.go:68	init zap success
[game-center]2025/01/11 - 18:39:59.513	[34minfo[0m	d:/code/nlleafserver/src/server/global/global.go:71	init global success
[game-center]2025/01/11 - 18:39:59.515	[34minfo[0m	d:/code/nlleafserver/src/server/game/internal/game_servers.go:80	è¿æ¥æˆåŠŸ	{"addr": "localhost:50001"}
[game-center]2025/01/11 - 18:40:56.891	[34minfo[0m	d:/code/nlleafserver/src/server/game/internal/game_servers.go:172	æ”¶åˆ°æ¶ˆæ¯	{"data": ""}
[game-center]2025/01/11 - 18:50:03.397	[34minfo[0m	D:/code/nlleafserver/src/server/global/global.go:68	init zap success
[game-center]2025/01/11 - 18:50:03.408	[34minfo[0m	D:/code/nlleafserver/src/server/global/global.go:71	init global success
[game-center]2025/01/11 - 18:50:03.410	[34minfo[0m	D:/code/nlleafserver/src/server/game/internal/game_servers.go:80	è¿æ¥æˆåŠŸ	{"addr": "localhost:50001"}
[game-center]2025/01/11 - 18:50:15.955	[34minfo[0m	D:/code/nlleafserver/src/server/game/internal/game_servers.go:80	è¿æ¥æˆåŠŸ	{"addr": "localhost:50001"}
[game-center]2025/01/11 - 18:50:23.430	[34minfo[0m	D:/code/nlleafserver/src/server/game/internal/game_servers.go:80	è¿æ¥æˆåŠŸ	{"addr": "localhost:50001"}
[game-center]2025/01/11 - 18:50:33.431	[34minfo[0m	D:/code/nlleafserver/src/server/game/internal/game_servers.go:80	è¿æ¥æˆåŠŸ	{"addr": "localhost:50001"}
[game-center]2025/01/11 - 18:52:35.127	[34minfo[0m	D:/code/nlleafserver/src/server/global/global.go:68	init zap success
[game-center]2025/01/11 - 18:52:35.138	[34minfo[0m	D:/code/nlleafserver/src/server/global/global.go:71	init global success
[game-center]2025/01/11 - 18:52:35.140	[34minfo[0m	D:/code/nlleafserver/src/server/game/internal/game_servers.go:83	è¿æ¥æˆåŠŸ	{"addr": "localhost:50001"}
[game-center]2025/01/11 - 18:52:45.146	[34minfo[0m	D:/code/nlleafserver/src/server/game/internal/game_servers.go:83	è¿æ¥æˆåŠŸ	{"addr": "localhost:50001"}
[game-center]2025/01/11 - 18:53:32.407	[34minfo[0m	D:/code/nlleafserver/src/server/global/global.go:68	init zap success
[game-center]2025/01/11 - 18:53:32.417	[34minfo[0m	D:/code/nlleafserver/src/server/global/global.go:71	init global success
[game-center]2025/01/11 - 18:53:32.419	[34minfo[0m	D:/code/nlleafserver/src/server/game/internal/game_servers.go:83	è¿æ¥æˆåŠŸ	{"addr": "localhost:50001"}
[game-center]2025/01/11 - 18:55:30.351	[34minfo[0m	d:/code/nlleafserver/src/server/global/global.go:68	init zap success
[game-center]2025/01/11 - 18:55:30.368	[34minfo[0m	d:/code/nlleafserver/src/server/global/global.go:71	init global success
[game-center]2025/01/11 - 18:55:34.024	[34minfo[0m	d:/code/nlleafserver/src/server/game/internal/game_servers.go:83	è¿æ¥æˆåŠŸ	{"addr": "localhost:50001"}
[game-center]2025/01/11 - 18:56:22.581	[34minfo[0m	D:/code/nlleafserver/src/server/global/global.go:68	init zap success
[game-center]2025/01/11 - 18:56:22.592	[34minfo[0m	D:/code/nlleafserver/src/server/global/global.go:71	init global success
[game-center]2025/01/11 - 18:56:54.148	[34minfo[0m	D:/code/nlleafserver/src/server/global/global.go:68	init zap success
[game-center]2025/01/11 - 18:56:54.159	[34minfo[0m	D:/code/nlleafserver/src/server/global/global.go:71	init global success
[game-center]2025/01/11 - 18:56:54.161	[34minfo[0m	D:/code/nlleafserver/src/server/game/internal/game_servers.go:83	è¿æ¥æˆåŠŸ	{"addr": "localhost:50001"}
[game-center]2025/01/11 - 18:57:09.694	[34minfo[0m	D:/code/nlleafserver/src/server/game/internal/game_servers.go:83	è¿æ¥æˆåŠŸ	{"addr": "localhost:50001"}
